<?xml version="1.0" encoding="UTF-8"?>
<testsuite xmlns:xsi="http://www.w3.org/2001/XMLSchema-instance" xsi:noNamespaceSchemaLocation="https://maven.apache.org/surefire/maven-surefire-plugin/xsd/surefire-test-report-3.0.xsd" version="3.0" name="test.AuctionTest" time="0.069" tests="10" errors="0" skipped="0" failures="0">
  <properties>
[...]
</properties>
  <testcase name="newAuctionStartsOpenWithBasePrice" classname="test.AuctionTest" time="0.022"/>
  <testcase name="userLoginAcceptsCorrectPasswordAndRejectsWrongPassword" classname="test.AuctionTest" time="0.003">
    <system-out><![CDATA[Đăng nhập thành công!
]]></system-out>
  </testcase>
  <testcase name="bidderAvailableBalanceSubtractsReservedBalance" classname="test.AuctionTest" time="0.001"/>
  <testcase name="loadedAuctionKeepsDatabaseState" classname="test.AuctionTest" time="0.002"/>
  <testcase name="registerAutoBidRequiresMaxBidGreaterThanCurrentPrice" classname="test.AuctionTest" time="0.003"/>
  <testcase name="bidTransactionStoresBidderAmountAndTime" classname="test.AuctionTest" time="0.008"/>
  <testcase name="bidHistoryGetterReturnsDefensiveCopy" classname="test.AuctionTest" time="0.0"/>
  <testcase name="bidTransactionRejectsNonPositiveAmount" classname="test.AuctionTest" time="0.001"/>
  <testcase name="registerAutoBidRejectsDuplicateBidder" classname="test.AuctionTest" time="0.0"/>
  <testcase name="bidderBalanceCheckRejectsAmountGreaterThanAvailableBalance" classname="test.AuctionTest" time="0.001"/>
</testsuite>